<?xml version="1.0" encoding="UTF-8"?>
<!-- Generated by org.testng.reporters.JUnitXMLReporter -->
<testsuite ignored="1" hostname="W022832204445" failures="1" tests="1" name="Order number check" time="0.031" errors="0" timestamp="2022-10-04T14:50:36 JST">
  <testcase classname="frameworkPractice.test.StandaloneTest2" name="submitOrder" time="0.0">
    <failure type="java.lang.RuntimeException" message="java.io.FileNotFoundException: C:\Users\JPZ4373\git\SeleniumPracticePageObjectgit\SeleniumPracticePageObject\src\test\java\framePractice\data\data.json (The system cannot find the path specified)">
      <![CDATA[java.lang.RuntimeException: java.io.FileNotFoundException: C:\Users\JPZ4373\git\SeleniumPracticePageObjectgit\SeleniumPracticePageObject\src\test\java\framePractice\data\data.json (The system cannot find the path specified)
at java.base/java.util.ArrayList.forEach(ArrayList.java:1511)
at java.base/java.util.concurrent.FutureTask.run(FutureTask.java:264)
at java.base/java.util.concurrent.ThreadPoolExecutor.runWorker(ThreadPoolExecutor.java:1136)
at java.base/java.util.concurrent.ThreadPoolExecutor$Worker.run(ThreadPoolExecutor.java:635)
at java.base/java.lang.Thread.run(Thread.java:833)
Caused by: java.io.FileNotFoundException: C:\Users\JPZ4373\git\SeleniumPracticePageObjectgit\SeleniumPracticePageObject\src\test\java\framePractice\data\data.json (The system cannot find the path specified)
at java.base/java.io.FileInputStream.open0(Native Method)
at java.base/java.io.FileInputStream.open(FileInputStream.java:216)
at java.base/java.io.FileInputStream.<init>(FileInputStream.java:157)
at org.apache.commons.io.FileUtils.openInputStream(FileUtils.java:2388)
at org.apache.commons.io.FileUtils.readFileToString(FileUtils.java:2506)
at frameworkPractice.testComponents.globalProperties.getJsonDataToMap(globalProperties.java:48)
at frameworkPractice.test.StandaloneTest2.getData(StandaloneTest2.java:55)
... 19 more
... Removed 22 stack frames]]>
    </failure>
  </testcase> <!-- submitOrder -->
  <testcase classname="frameworkPractice.test.StandaloneTest2" name="orderValidation" time="0.0">
    <ignored/>
  </testcase> <!-- orderValidation -->
</testsuite> <!-- Order number check -->
