<?xml version="1.0" encoding="UTF-8"?>
<!-- Generated by org.testng.reporters.JUnitXMLReporter -->
<testsuite ignored="0" hostname="W022832204445" failures="2" tests="3" name="Test" time="44.32" errors="0" timestamp="2022-10-04T10:54:25 JST">
  <testcase classname="frameworkPractice.test.StandaloneTest2" name="submitOrder" time="0.14">
    <failure type="java.lang.Error" message="Unresolved compilation problems: 
	Lambda expressions are allowed only at source level 1.8 or above
	Cannot refer to the non-final local variable productName defined in an enclosing scope
">
      <![CDATA[java.lang.Error: Unresolved compilation problems: 
Lambda expressions are allowed only at source level 1.8 or above
Cannot refer to the non-final local variable productName defined in an enclosing scope

at frameworkPractice.pageobjects.ProductCatalogPage.<init>(ProductCatalogPage.java:37)
at frameworkPractice.pageobjects.LandingPage.loginApplication(LandingPage.java:40)
at frameworkPractice.test.StandaloneTest2.submitOrder(StandaloneTest2.java:21)
at java.base/java.util.ArrayList.forEach(ArrayList.java:1511)
... Removed 27 stack frames]]>
    </failure>
  </testcase> <!-- submitOrder -->
  <testcase classname="frameworkPractice.test.StandaloneTest2" name="orderValidation" time="0.0">
    <skipped/>
  </testcase> <!-- orderValidation -->
  <testcase classname="frameworkPractice.test.ErrorCheck1" name="submitOrder" time="0.134">
    <failure type="java.lang.Error" message="Unresolved compilation problems: 
	Lambda expressions are allowed only at source level 1.8 or above
	Cannot refer to the non-final local variable productName defined in an enclosing scope
">
      <![CDATA[java.lang.Error: Unresolved compilation problems: 
Lambda expressions are allowed only at source level 1.8 or above
Cannot refer to the non-final local variable productName defined in an enclosing scope

at frameworkPractice.pageobjects.ProductCatalogPage.<init>(ProductCatalogPage.java:37)
at frameworkPractice.pageobjects.LandingPage.loginApplication(LandingPage.java:40)
at frameworkPractice.test.ErrorCheck1.submitOrder(ErrorCheck1.java:17)
at java.base/java.util.ArrayList.forEach(ArrayList.java:1511)
... Removed 27 stack frames]]>
    </failure>
  </testcase> <!-- submitOrder -->
</testsuite> <!-- Test -->
